$(info.timestamp) - [32minfo[39m: [32mRodando na porta 3000[39m
$(info.timestamp) - [32minfo[39m: [32mRodando na porta 3000[39m
$(info.timestamp) - [32minfo[39m: [32mConectado![39m
$(info.timestamp) - [32minfo[39m: [32mRodando na porta 3000[39m
$(info.timestamp) - [32minfo[39m: [32mConectado![39m
$(info.timestamp) - [32minfo[39m: [32mRodando na porta 3000[39m
2022-08-25 18:16:02:162 - [32minfo[39m: [32mConectado![39m
2022-08-25 18:16:04:164 - [32minfo[39m: [32mRodando na porta 3000[39m
$(info.timestamp) - [32minfo[39m: [32mConectado![39m
$(info.timestamp) - [32minfo[39m: [32mRodando na porta 3000[39m
$(info.timestamp) - [32minfo[39m: [32mConectado![39m
$(info.timestamp) - [32minfo[39m: [32mRodando na porta 3000[39m
$(info.timestamp) - [32minfo[39m: [32mConectado![39m
$(info.timestamp) - [32minfo[39m: [32mRodando na porta 3000[39m
2022-08-25 18:17:04:174 - [32minfo[39m: [32mConectado![39m
2022-08-25 18:17:06:176 - [32minfo[39m: [32mRodando na porta 3000[39m
$(info.timestamp) - [32minfo[39m: [32mConectado![39m
$(info.timestamp) - [32minfo[39m: [32mRodando na porta 3000[39m
$(info.timestamp - [32minfo[39m: [32mConectado![39m
$(info.timestamp - [32minfo[39m: [32mRodando na porta 3000[39m
$info.timestamp - [32minfo[39m: [32mConectado![39m
$info.timestamp - [32minfo[39m: [32mRodando na porta 3000[39m
2022-08-25 18:17:45:1745 - [32minfo[39m: [32mConectado![39m
2022-08-25 18:17:46:1746 - [32minfo[39m: [32mRodando na porta 3000[39m
2022-08-25 18:19:29 - [32minfo[39m: [32mConectado![39m
2022-08-25 18:19:30 - [32minfo[39m: [32mRodando na porta 3000[39m
2022-08-25 18:20:26 - [32minfo[39m: [32mConectado![39m
2022-08-25 18:20:27 - [32minfo[39m: [32mRodando na porta 3000[39m
2022-08-25 18:20:36 - [32minfo[39m: [32mConectado![39m
2022-08-25 18:20:36 - [32minfo[39m: [32mRodando na porta 3000[39m
2022-08-25 18:20:57 - [32minfo[39m: [32mConectado![39m
2022-08-25 18:20:58 - [32minfo[39m: [32mRodando na porta 3000[39m
2022-08-25 18:21:14 - [32minfo[39m: [32mConectado![39m
2022-08-25 18:21:14 - [32minfo[39m: [32mRodando na porta 3000[39m
2022-08-25 18:21:22 - [32minfo[39m: [32mConectado![39m
2022-08-25 18:21:22 - [32minfo[39m: [32mRodando na porta 3000[39m
2022-08-25 18:22:20 - [32minfo[39m: [32mConectado![39m
2022-08-25 18:22:21 - [32minfo[39m: [32mRodando na porta 3000[39m
2022-08-25 18:22:49 - [32minfo[39m: [32mConectado![39m
2022-08-25 18:22:49 - [32minfo[39m: [32mRodando na porta 3000[39m
2022-08-25 18:22:55 - [32minfo[39m: [32mConectado![39m
2022-08-25 18:22:56 - [32minfo[39m: [32mRodando na porta 3000[39m
2022-08-25 18:27:55 - [32minfo[39m: [32mConectado![39m
2022-08-25 18:27:56 - [31merror[39m: [31mNão foi possível conectar[39m
2022-08-25 18:27:56 - [32minfo[39m: [32mRodando na porta 3000[39m
2022-08-25 18:28:08 - [32minfo[39m: [32mConectado![39m
2022-08-25 18:28:09 - [31merror[39m: [31mNão foi possível conectar[39m
2022-08-25 18:28:10 - [32minfo[39m: [32mConectado![39m
2022-08-25 18:28:11 - [31merror[39m: [31mNão foi possível conectar[39m
2022-08-25 18:28:11 - [31merror[39m: [31mErro: MongoServerError: bad auth : Authentication failed.[39m
2022-08-25 18:28:11 - [32minfo[39m: [32mRodando na porta 3000[39m
2022-08-25 18:28:21 - [32minfo[39m: [32mConectado![39m
2022-08-25 18:28:22 - [31merror[39m: [31mNão foi possível conectar[39m
2022-08-25 18:28:22 - [31merror[39m: [31mErro: MongoServerError: bad auth : Authentication failed.[39m
2022-08-25 18:28:22 - [32minfo[39m: [32mRodando na porta 3000[39m
2022-08-25 18:36:00 - [32minfo[39m: [32mConectado![39m
2022-08-25 18:36:00 - [31merror[39m: [31mNão foi possível conectar[39m
2022-08-25 18:36:00 - [31merror[39m: [31mErro: MongoServerError: bad auth : Authentication failed.[39m
2022-08-25 18:36:00 - [32minfo[39m: [32mRodando na porta 3000[39m
2022-08-25 18:36:18 - [32minfo[39m: [32mConectado![39m
2022-08-25 18:36:19 - [32minfo[39m: [32mRodando na porta 3000[39m
2022-08-25 18:37:25 - [32minfo[39m: [32mConectado![39m
2022-08-25 18:37:25 - [32minfo[39m: [32mRodando na porta 3000[39m
2022-08-25 18:37:27 - [32minfo[39m: [32mConectado![39m
2022-08-25 18:37:28 - [32minfo[39m: [32mRodando na porta 3000[39m
2022-08-25 18:37:31 - [32minfo[39m: [32mConectado![39m
2022-08-25 18:37:31 - [32minfo[39m: [32mRodando na porta 3000[39m
2022-08-25 18:37:33 - [32minfo[39m: [32mConectado![39m
2022-08-25 18:37:33 - [32minfo[39m: [32mRodando na porta 3000[39m
2022-08-25 18:44:01 - [32minfo[39m: [32mConectado![39m
2022-08-25 18:44:02 - [31merror[39m: [31mNão foi possível conectar[39m
2022-08-25 18:44:08 - [32minfo[39m: [32mConectado![39m
2022-08-25 18:44:08 - [32minfo[39m: [32mRodando na porta 3000[39m
2022-08-25 19:35:17 - [32minfo[39m: [32mConectado![39m
2022-08-25 19:35:17 - [31merror[39m: [31mNão foi possível conectar[39m
2022-08-26 11:26:58 - [32minfo[39m: [32mConectado![39m
2022-08-26 11:26:59 - [31merror[39m: [31mNão foi possível conectar[39m
2022-08-26 11:27:21 - [32minfo[39m: [32mConectado![39m
2022-08-26 11:27:21 - [31merror[39m: [31mNão foi possível conectar[39m
2022-08-26 11:27:28 - [32minfo[39m: [32mConectado![39m
2022-08-26 11:27:29 - [32minfo[39m: [32mRodando na porta 3000[39m
2022-08-26 11:27:45 - [35mhttp[39m: [35mGET /api/test 200 - - 4.080 ms[39m
[35m[39m
2022-08-26 11:30:58 - [32minfo[39m: [32mConectado![39m
2022-08-26 11:30:59 - [31merror[39m: [31mNão foi possível conectar[39m
2022-08-26 11:31:09 - [32minfo[39m: [32mConectado![39m
2022-08-26 11:31:10 - [31merror[39m: [31mNão foi possível conectar[39m
2022-08-26 11:31:38 - [32minfo[39m: [32mConectado![39m
2022-08-26 11:31:38 - [31merror[39m: [31mNão foi possível conectar[39m
2022-08-26 11:31:47 - [32minfo[39m: [32mConectado![39m
2022-08-26 11:31:47 - [31merror[39m: [31mNão foi possível conectar[39m
2022-08-26 11:31:58 - [32minfo[39m: [32mConectado![39m
2022-08-26 11:31:59 - [32minfo[39m: [32mRodando na porta 3000[39m
2022-08-26 11:33:09 - [32minfo[39m: [32mConectado![39m
2022-08-26 11:33:10 - [31merror[39m: [31mNão foi possível conectar[39m
2022-08-26 11:33:24 - [32minfo[39m: [32mConectado![39m
2022-08-26 11:33:24 - [31merror[39m: [31mNão foi possível conectar[39m
2022-08-26 17:24:09 - [32minfo[39m: [32mConectado![39m
2022-08-26 17:24:09 - [31merror[39m: [31mNão foi possível conectar[39m
2022-08-26 17:24:18 - [32minfo[39m: [32mConectado![39m
2022-08-26 17:24:19 - [32minfo[39m: [32mRodando na porta 3000[39m
2022-08-26 17:30:16 - [32minfo[39m: [32mConectado![39m
2022-08-26 17:30:16 - [32minfo[39m: [32mRodando na porta 3000[39m
2022-08-26 17:30:18 - [32minfo[39m: [32mConectado![39m
2022-08-26 17:30:18 - [32minfo[39m: [32mRodando na porta 3000[39m
2022-08-26 17:30:20 - [32minfo[39m: [32mConectado![39m
2022-08-26 17:30:21 - [32minfo[39m: [32mRodando na porta 3000[39m
2022-08-26 17:30:28 - [32minfo[39m: [32mConectado![39m
2022-08-26 17:30:29 - [32minfo[39m: [32mRodando na porta 3000[39m
2022-08-26 17:30:55 - [32minfo[39m: [32mConectado![39m
2022-08-26 17:30:55 - [32minfo[39m: [32mRodando na porta 3000[39m
2022-08-26 17:31:52 - [32minfo[39m: [32mConectado![39m
2022-08-26 17:31:52 - [32minfo[39m: [32mRodando na porta 3000[39m
2022-08-26 17:31:56 - [32minfo[39m: [32mConectado![39m
2022-08-26 17:31:56 - [32minfo[39m: [32mRodando na porta 3000[39m
2022-08-26 17:45:15 - [35mhttp[39m: [35mPOST /api/game 200 - - 2.907 ms[39m
[35m[39m
2022-08-26 17:47:46 - [32minfo[39m: [32mConectado![39m
2022-08-26 17:47:47 - [31merror[39m: [31mNão foi possível conectar[39m
2022-08-30 11:02:12 - [32minfo[39m: [32mConectado![39m
2022-08-30 11:02:42 - [31merror[39m: [31mNão foi possível conectar[39m
2022-08-30 11:03:47 - [32minfo[39m: [32mConectado![39m
2022-08-30 11:04:04 - [32minfo[39m: [32mConectado![39m
2022-08-30 11:04:34 - [31merror[39m: [31mNão foi possível conectar[39m
2022-08-30 11:10:08 - [32minfo[39m: [32mConectado![39m
2022-08-30 11:10:18 - [32minfo[39m: [32mConectado![39m
2022-08-30 11:10:34 - [32minfo[39m: [32mConectado![39m
2022-08-30 11:10:38 - [32minfo[39m: [32mConectado![39m
2022-08-30 11:11:08 - [31merror[39m: [31mNão foi possível conectar[39m
2022-08-30 11:20:21 - [32minfo[39m: [32mConectado![39m
2022-08-30 11:20:27 - [32minfo[39m: [32mConectado![39m
2022-08-30 11:20:36 - [32minfo[39m: [32mConectado![39m
2022-08-30 11:21:06 - [31merror[39m: [31mNão foi possível conectar[39m
2022-08-30 11:21:49 - [32minfo[39m: [32mConectado![39m
2022-08-30 11:22:19 - [31merror[39m: [31mNão foi possível conectar[39m
2022-08-30 11:34:49 - [32minfo[39m: [32mConectado![39m
2022-08-30 11:34:49 - [32minfo[39m: [32mRodando na porta 3000[39m
2022-08-30 11:36:56 - [32minfo[39m: [32mConectado![39m
2022-08-30 11:36:57 - [32minfo[39m: [32mConectado![39m
2022-08-30 11:36:58 - [32minfo[39m: [32mRodando na porta 3000[39m
2022-08-30 11:40:38 - [35mhttp[39m: [35mPOST /api/game 201 - - 53.828 ms[39m
[35m[39m
2022-08-30 12:06:44 - [35mhttp[39m: [35mPOST /api/game 201 - - 23.600 ms[39m
[35m[39m
2022-08-30 12:08:34 - [35mhttp[39m: [35mPOST /api/game 201 - - 25.319 ms[39m
[35m[39m
2022-08-30 12:11:27 - [32minfo[39m: [32mConectado![39m
2022-08-30 12:11:27 - [32minfo[39m: [32mRodando na porta 3000[39m
2022-08-30 12:11:44 - [32minfo[39m: [32mConectado![39m
2022-08-30 12:11:44 - [32minfo[39m: [32mRodando na porta 3000[39m
2022-08-30 12:15:57 - [32minfo[39m: [32mConectado![39m
2022-08-30 12:16:02 - [32minfo[39m: [32mConectado![39m
2022-08-30 12:16:03 - [31merror[39m: [31mNão foi possível conectar[39m
2022-08-30 12:16:13 - [32minfo[39m: [32mConectado![39m
2022-08-30 12:16:13 - [31merror[39m: [31mNão foi possível conectar[39m
2022-08-30 12:16:29 - [32minfo[39m: [32mConectado![39m
2022-08-30 12:16:29 - [32minfo[39m: [32mRodando na porta 3000[39m
2022-08-30 14:30:22 - [32minfo[39m: [32mConectado![39m
2022-08-30 14:30:23 - [32minfo[39m: [32mRodando na porta 3000[39m
2022-08-30 14:30:25 - [32minfo[39m: [32mConectado![39m
2022-08-30 14:30:25 - [32minfo[39m: [32mRodando na porta 3000[39m
2022-08-30 14:30:38 - [32minfo[39m: [32mConectado![39m
2022-08-30 14:30:39 - [32minfo[39m: [32mRodando na porta 3000[39m
2022-08-30 14:30:48 - [32minfo[39m: [32mConectado![39m
2022-08-30 14:30:48 - [32minfo[39m: [32mRodando na porta 3000[39m
2022-08-30 14:30:57 - [32minfo[39m: [32mConectado![39m
2022-08-30 14:30:57 - [32minfo[39m: [32mRodando na porta 3000[39m
2022-08-30 14:31:05 - [32minfo[39m: [32mConectado![39m
2022-08-30 14:31:06 - [32minfo[39m: [32mRodando na porta 3000[39m
2022-08-30 14:31:28 - [32minfo[39m: [32mConectado![39m
2022-08-30 14:31:28 - [32minfo[39m: [32mRodando na porta 3000[39m
2022-08-30 14:36:55 - [32minfo[39m: [32mConectado![39m
2022-08-30 14:37:02 - [32minfo[39m: [32mConectado![39m
2022-08-30 14:37:02 - [31merror[39m: [31mNão foi possível conectar[39m
2022-08-30 14:37:09 - [32minfo[39m: [32mConectado![39m
2022-08-30 14:37:09 - [31merror[39m: [31mNão foi possível conectar[39m
2022-08-30 14:37:18 - [32minfo[39m: [32mConectado![39m
2022-08-30 14:37:18 - [31merror[39m: [31mNão foi possível conectar[39m
2022-08-30 14:42:08 - [32minfo[39m: [32mConectado![39m
2022-08-30 14:42:08 - [31merror[39m: [31mNão foi possível conectar[39m
2022-08-30 14:42:13 - [32minfo[39m: [32mConectado![39m
2022-08-30 14:42:13 - [32minfo[39m: [32mRodando na porta 3000[39m
2022-08-30 17:11:15 - [32minfo[39m: [32mConectado![39m
2022-08-30 17:11:15 - [32minfo[39m: [32mRodando na porta 3000[39m
2022-08-30 17:12:48 - [32minfo[39m: [32mConectado![39m
2022-08-30 17:12:48 - [32minfo[39m: [32mRodando na porta 3000[39m
